#! /c/Source/iverilog-install/bin/vvp
:ivl_version "12.0 (devel)" "(s20150603-1110-g18392a46)";
:ivl_delay_selection "TYPICAL";
:vpi_time_precision + 0;
:vpi_module "C:\iverilog\lib\ivl\system.vpi";
:vpi_module "C:\iverilog\lib\ivl\vhdl_sys.vpi";
:vpi_module "C:\iverilog\lib\ivl\vhdl_textio.vpi";
:vpi_module "C:\iverilog\lib\ivl\v2005_math.vpi";
:vpi_module "C:\iverilog\lib\ivl\va_math.vpi";
S_0000021f4a186f90 .scope module, "alu_tb" "alu_tb" 2 3;
 .timescale 0 0;
v0000021f4a1d7c10_0 .var "alucontrol", 2 0;
v0000021f4a1d80c0_0 .net/s "result", 31 0, v0000021f4a1d7990_0;  1 drivers
v0000021f4a1d8970_0 .var/i "seed", 31 0;
v0000021f4a1d8a10_0 .var/s "srca", 31 0;
v0000021f4a183660_0 .var/s "srcb", 31 0;
v0000021f4a183c00_0 .net "zero", 0 0, v0000021f4a1d7b70_0;  1 drivers
S_0000021f4a187120 .scope module, "alu1" "alu" 2 10, 3 1 0, S_0000021f4a186f90;
 .timescale 0 0;
    .port_info 0 /INPUT 32 "srca";
    .port_info 1 /INPUT 32 "srcb";
    .port_info 2 /INPUT 3 "alucontrol";
    .port_info 3 /OUTPUT 32 "aluresult";
    .port_info 4 /OUTPUT 1 "zero";
v0000021f4a1d78f0_0 .net "alucontrol", 2 0, v0000021f4a1d7c10_0;  1 drivers
v0000021f4a1d7990_0 .var "aluresult", 31 0;
v0000021f4a1d7a30_0 .net "srca", 31 0, v0000021f4a1d8a10_0;  1 drivers
v0000021f4a1d7ad0_0 .net "srcb", 31 0, v0000021f4a183660_0;  1 drivers
v0000021f4a1d7b70_0 .var "zero", 0 0;
E_0000021f4a18c7b0 .event anyedge, v0000021f4a1d78f0_0, v0000021f4a1d7ad0_0, v0000021f4a1d7a30_0;
S_0000021f4a1872b0 .scope function.vec4.s32, "calculate" "calculate" 3 15, 3 15 0, S_0000021f4a187120;
 .timescale 0 0;
v0000021f4a1533c0_0 .var "alucontrol", 2 0;
; Variable calculate is vec4 return value of scope S_0000021f4a1872b0
v0000021f4a13beb0_0 .var/s "srca", 31 0;
v0000021f4a1d7850_0 .var/s "srcb", 31 0;
TD_alu_tb.alu1.calculate ;
    %load/vec4 v0000021f4a1533c0_0;
    %dup/vec4;
    %pushi/vec4 2, 0, 3;
    %cmp/u;
    %jmp/1 T_0.0, 6;
    %dup/vec4;
    %pushi/vec4 6, 0, 3;
    %cmp/u;
    %jmp/1 T_0.1, 6;
    %dup/vec4;
    %pushi/vec4 0, 0, 3;
    %cmp/u;
    %jmp/1 T_0.2, 6;
    %dup/vec4;
    %pushi/vec4 1, 0, 3;
    %cmp/u;
    %jmp/1 T_0.3, 6;
    %dup/vec4;
    %pushi/vec4 7, 0, 3;
    %cmp/u;
    %jmp/1 T_0.4, 6;
    %pushi/vec4 0, 0, 32;
    %ret/vec4 0, 0, 32;  Assign to calculate (store_vec4_to_lval)
    %jmp T_0.6;
T_0.0 ;
    %load/vec4 v0000021f4a13beb0_0;
    %load/vec4 v0000021f4a1d7850_0;
    %add;
    %ret/vec4 0, 0, 32;  Assign to calculate (store_vec4_to_lval)
    %jmp T_0.6;
T_0.1 ;
    %load/vec4 v0000021f4a13beb0_0;
    %load/vec4 v0000021f4a1d7850_0;
    %sub;
    %ret/vec4 0, 0, 32;  Assign to calculate (store_vec4_to_lval)
    %jmp T_0.6;
T_0.2 ;
    %load/vec4 v0000021f4a13beb0_0;
    %load/vec4 v0000021f4a1d7850_0;
    %and;
    %ret/vec4 0, 0, 32;  Assign to calculate (store_vec4_to_lval)
    %jmp T_0.6;
T_0.3 ;
    %load/vec4 v0000021f4a13beb0_0;
    %load/vec4 v0000021f4a1d7850_0;
    %or;
    %ret/vec4 0, 0, 32;  Assign to calculate (store_vec4_to_lval)
    %jmp T_0.6;
T_0.4 ;
    %load/vec4 v0000021f4a13beb0_0;
    %load/vec4 v0000021f4a1d7850_0;
    %cmp/s;
    %flag_get/vec4 5;
    %pad/u 32;
    %ret/vec4 0, 0, 32;  Assign to calculate (store_vec4_to_lval)
    %jmp T_0.6;
T_0.6 ;
    %pop/vec4 1;
    %retload/vec4 0; Load calculate (draw_signal_vec4)
    %pushi/vec4 0, 0, 32;
    %cmp/e;
    %flag_get/vec4 4;
    %store/vec4 v0000021f4a1d7b70_0, 0, 1;
    %end;
    .scope S_0000021f4a187120;
T_1 ;
    %load/vec4 v0000021f4a1d7a30_0;
    %load/vec4 v0000021f4a1d7ad0_0;
    %load/vec4 v0000021f4a1d78f0_0;
    %store/vec4 v0000021f4a1533c0_0, 0, 3;
    %store/vec4 v0000021f4a1d7850_0, 0, 32;
    %store/vec4 v0000021f4a13beb0_0, 0, 32;
    %callf/vec4 TD_alu_tb.alu1.calculate, S_0000021f4a1872b0;
    %store/vec4 v0000021f4a1d7990_0, 0, 32;
    %end;
    .thread T_1;
    .scope S_0000021f4a187120;
T_2 ;
    %wait E_0000021f4a18c7b0;
    %load/vec4 v0000021f4a1d7a30_0;
    %load/vec4 v0000021f4a1d7ad0_0;
    %load/vec4 v0000021f4a1d78f0_0;
    %store/vec4 v0000021f4a1533c0_0, 0, 3;
    %store/vec4 v0000021f4a1d7850_0, 0, 32;
    %store/vec4 v0000021f4a13beb0_0, 0, 32;
    %callf/vec4 TD_alu_tb.alu1.calculate, S_0000021f4a1872b0;
    %store/vec4 v0000021f4a1d7990_0, 0, 32;
    %jmp T_2;
    .thread T_2, $push;
    .scope S_0000021f4a186f90;
T_3 ;
    %pushi/vec4 536977, 0, 32;
    %store/vec4 v0000021f4a1d8970_0, 0, 32;
    %end;
    .thread T_3;
    .scope S_0000021f4a186f90;
T_4 ;
    %delay 5, 0;
    %load/vec4 v0000021f4a1d7c10_0;
    %addi 1, 0, 3;
    %store/vec4 v0000021f4a1d7c10_0, 0, 3;
    %jmp T_4;
    .thread T_4;
    .scope S_0000021f4a186f90;
T_5 ;
    %vpi_func 2 18 "$random" 32, v0000021f4a1d8970_0 {0 0 0};
    %store/vec4 v0000021f4a1d8a10_0, 0, 32;
    %vpi_func 2 19 "$random" 32, v0000021f4a1d8970_0 {0 0 0};
    %store/vec4 v0000021f4a183660_0, 0, 32;
    %vpi_call 2 22 "$display", "\011%32b\011%d\012\011%32b\011%d\012", v0000021f4a1d8a10_0, v0000021f4a1d8a10_0, v0000021f4a183660_0, v0000021f4a183660_0 {0 0 0};
    %pushi/vec4 0, 0, 3;
    %store/vec4 v0000021f4a1d7c10_0, 0, 3;
    %vpi_call 2 24 "$monitor", "%3b:\011%32b\011%b\011%d", v0000021f4a1d7c10_0, v0000021f4a1d80c0_0, v0000021f4a183c00_0, v0000021f4a1d80c0_0 {0 0 0};
    %delay 39, 0;
    %vpi_call 2 25 "$finish", 32'sb00000000000000000000000000000000 {0 0 0};
    %end;
    .thread T_5;
# The file index is used to find the file name in the following table.
:file_names 4;
    "N/A";
    "<interactive>";
    "alu_test.v";
    "./alu.v";
